<?xml version="1.0" encoding="UTF-8"?>
<!-- Generated by org.testng.reporters.JUnitXMLReporter -->
<testsuite hostname="DESKTOP-UJFK23I" ignored="1" name="Default test" tests="5" failures="0" timestamp="09 Dec 2021 05:26:54 GMT" time="0.038" errors="0">
  <testcase name="Hyderabad" time="0.014" classname="testng.demo.SequencingEx"/>
  <testcase name="Pune" time="0.002" classname="testng.demo.SequencingEx"/>
  <testcase name="Chennai" time="0.001" classname="testng.demo.SequencingEx"/>
  <testcase name="Delhi" time="0.001" classname="testng.demo.SequencingEx"/>
  <testcase name="Alaska" time="0.0" classname="testng.demo.SequencingEx"/>
  <testcase name="Banglore" time="0.0" classname="testng.demo.SequencingEx">
    <ignored/>
  </testcase> <!-- Banglore -->
</testsuite> <!-- Default test -->
