<?xml version="1.0" encoding="UTF-8"?>
<!-- Generated by org.testng.reporters.JUnitXMLReporter -->
<testsuite hostname="DESKTOP-UJFK23I" ignored="0" name="Checklist" tests="4" failures="0" timestamp="29 Oct 2021 04:41:53 GMT" time="0.088" errors="0">
  <testcase name="login" time="0.027" classname="testng.demo.AnnotationsExam"/>
  <testcase name="search" time="0.001" classname="testng.demo.AnnotationsExam"/>
  <testcase name="Test1" time="0.003" classname="testng.demo.BeforeMethodEx"/>
  <testcase name="Test2" time="0.001" classname="testng.demo.BeforeMethodEx"/>
</testsuite> <!-- Checklist -->
