<?xml version="1.0" encoding="UTF-8"?>
<testng-results skipped="0" failed="0" ignored="0" total="2" passed="2">
  <reporter-output>
  </reporter-output>
  <suite name="Suite" duration-ms="29842" started-at="2022-03-03T05:32:49Z" finished-at="2022-03-03T05:33:18Z">
    <groups>
    </groups>
    <test name="CrossBrowserChrome" duration-ms="18275" started-at="2022-03-03T05:32:49Z" finished-at="2022-03-03T05:33:07Z">
      <class name="module.webelements.DropDownEx">
        <test-method status="PASS" signature="submitCompBrandForm(java.lang.String)[pri:0, instance:module.webelements.DropDownEx@64cd705f]" name="submitCompBrandForm" duration-ms="18257" started-at="2022-03-03T11:02:49Z" finished-at="2022-03-03T11:03:07Z">
          <params>
            <param index="0">
              <value>
                <![CDATA[chrome]]>
              </value>
            </param>
          </params>
          <reporter-output>
          </reporter-output>
        </test-method> <!-- submitCompBrandForm -->
      </class> <!-- module.webelements.DropDownEx -->
    </test> <!-- CrossBrowserChrome -->
    <test name="CrossBrowserFireFox" duration-ms="29842" started-at="2022-03-03T05:32:49Z" finished-at="2022-03-03T05:33:18Z">
      <class name="module.webelements.DropDownEx">
        <test-method status="PASS" signature="submitCompBrandForm(java.lang.String)[pri:0, instance:module.webelements.DropDownEx@4facf68f]" name="submitCompBrandForm" duration-ms="29827" started-at="2022-03-03T11:02:49Z" finished-at="2022-03-03T11:03:18Z">
          <params>
            <param index="0">
              <value>
                <![CDATA[firefox]]>
              </value>
            </param>
          </params>
          <reporter-output>
          </reporter-output>
        </test-method> <!-- submitCompBrandForm -->
      </class> <!-- module.webelements.DropDownEx -->
    </test> <!-- CrossBrowserFireFox -->
  </suite> <!-- Suite -->
</testng-results>
