<?xml version="1.0" encoding="UTF-8"?>
<testng-results skipped="0" failed="0" ignored="1" total="6" passed="5">
  <reporter-output>
  </reporter-output>
  <suite name="Default suite" duration-ms="38" started-at="2021-12-09T05:26:54Z" finished-at="2021-12-09T05:26:54Z">
    <groups>
    </groups>
    <test name="Default test" duration-ms="38" started-at="2021-12-09T05:26:54Z" finished-at="2021-12-09T05:26:54Z">
      <class name="testng.demo.SequencingEx">
        <test-method status="PASS" signature="Hyderabad()[pri:0, instance:testng.demo.SequencingEx@363ee3a2]" name="Hyderabad" duration-ms="14" started-at="2021-12-09T10:56:54Z" finished-at="2021-12-09T10:56:54Z">
          <reporter-output>
          </reporter-output>
        </test-method> <!-- Hyderabad -->
        <test-method status="PASS" signature="Pune()[pri:1, instance:testng.demo.SequencingEx@363ee3a2]" name="Pune" duration-ms="2" started-at="2021-12-09T10:56:54Z" finished-at="2021-12-09T10:56:54Z">
          <reporter-output>
          </reporter-output>
        </test-method> <!-- Pune -->
        <test-method status="PASS" signature="Chennai()[pri:2, instance:testng.demo.SequencingEx@363ee3a2]" name="Chennai" duration-ms="1" started-at="2021-12-09T10:56:54Z" finished-at="2021-12-09T10:56:54Z">
          <reporter-output>
          </reporter-output>
        </test-method> <!-- Chennai -->
        <test-method status="PASS" signature="Delhi()[pri:3, instance:testng.demo.SequencingEx@363ee3a2]" name="Delhi" duration-ms="1" started-at="2021-12-09T10:56:54Z" finished-at="2021-12-09T10:56:54Z">
          <reporter-output>
          </reporter-output>
        </test-method> <!-- Delhi -->
        <test-method status="PASS" signature="Alaska()[pri:5, instance:testng.demo.SequencingEx@363ee3a2]" name="Alaska" duration-ms="0" started-at="2021-12-09T10:56:54Z" finished-at="2021-12-09T10:56:54Z">
          <reporter-output>
          </reporter-output>
        </test-method> <!-- Alaska -->
      </class> <!-- testng.demo.SequencingEx -->
    </test> <!-- Default test -->
  </suite> <!-- Default suite -->
</testng-results>
